<?xml version="1.0" encoding="UTF-8"?>
<!-- Generated by org.testng.reporters.JUnitXMLReporter -->
<testsuite ignored="1" hostname="LAPTOP-0Q65M2S0" failures="0" tests="1" name="Default test" time="1.588" errors="0" timestamp="2022-08-14T11:47:29 IST">
  <testcase classname="testCases.TestValidate" name="tc1_validateForeignPlayers" time="1.538"/>
  <testcase classname="testCases.TestValidate" name="tc2_validateWicketKeeper" time="0.0">
    <ignored/>
  </testcase> <!-- tc2_validateWicketKeeper -->
</testsuite> <!-- Default test -->
